<?xml version="1.0" encoding="UTF-8"?>
<!-- Generated by org.testng.reporters.JUnitXMLReporter -->
<testsuite hostname="Mir-PC" ignored="3" name="Default test(failed)" tests="4" failures="1" timestamp="20 Sep 2020 02:55:54 GMT" time="0.094" errors="0">
  <testcase name="change1" time="0.023" classname="login.ChangePassword">
    <skipped/>
  </testcase> <!-- change1 -->
  <testcase name="change1" time="0.005" classname="login.ChangePassword">
    <skipped/>
  </testcase> <!-- change1 -->
  <testcase name="change1" time="0.003" classname="login.ChangePassword">
    <skipped/>
  </testcase> <!-- change1 -->
  <testcase name="change1" time="0.002" classname="login.ChangePassword">
    <failure type="java.lang.AssertionError" message="Forcely failed">
      <![CDATA[java.lang.AssertionError: Forcely failed
at login.ChangePassword.change1(ChangePassword.java:11)
... Removed 26 stack frames]]>
    </failure>
  </testcase> <!-- change1 -->
  <testcase name="change2" time="0.0" classname="login.ChangePassword">
    <ignored/>
  </testcase> <!-- change2 -->
  <testcase name="change4" time="0.0" classname="login.ChangePassword">
    <ignored/>
  </testcase> <!-- change4 -->
  <testcase name="change3" time="0.0" classname="login.ChangePassword">
    <ignored/>
  </testcase> <!-- change3 -->
</testsuite> <!-- Default test(failed) -->
