<?xml version="1.0" encoding="UTF-8"?>
<!-- Generated by org.testng.reporters.JUnitXMLReporter -->
<testsuite hostname="Mir-PC" ignored="0" name="DeletedTest" tests="9" failures="2" timestamp="19 Sep 2020 05:36:13 GMT" time="0.168" errors="0">
  <testcase name="deleteMaxItems" time="0.023" classname="cart.DeleteItemsFromCart"/>
  <testcase name="deleteMinItems" time="0.004" classname="cart.DeleteItemsFromCart">
    <skipped/>
  </testcase> <!-- deleteMinItems -->
  <testcase name="deleteMinItems" time="0.003" classname="cart.DeleteItemsFromCart">
    <skipped/>
  </testcase> <!-- deleteMinItems -->
  <testcase name="deleteMinItems" time="0.004" classname="cart.DeleteItemsFromCart">
    <skipped/>
  </testcase> <!-- deleteMinItems -->
  <testcase name="deleteMinItems" time="0.004" classname="cart.DeleteItemsFromCart">
    <failure type="java.lang.AssertionError" message="This is failed">
      <![CDATA[java.lang.AssertionError: This is failed
at cart.DeleteItemsFromCart.deleteMinItems(DeleteItemsFromCart.java:18)
... Removed 26 stack frames]]>
    </failure>
  </testcase> <!-- deleteMinItems -->
  <testcase name="deleteOneItems" time="0.008" classname="cart.DeleteItemsFromCart">
    <skipped/>
  </testcase> <!-- deleteOneItems -->
  <testcase name="deleteOneItems" time="0.003" classname="cart.DeleteItemsFromCart">
    <skipped/>
  </testcase> <!-- deleteOneItems -->
  <testcase name="deleteOneItems" time="0.004" classname="cart.DeleteItemsFromCart">
    <skipped/>
  </testcase> <!-- deleteOneItems -->
  <testcase name="deleteOneItems" time="0.002" classname="cart.DeleteItemsFromCart">
    <failure type="java.lang.AssertionError" message="expected [Mamun] but found [Mir]">
      <![CDATA[java.lang.AssertionError: expected [Mamun] but found [Mir]
at cart.DeleteItemsFromCart.deleteOneItems(DeleteItemsFromCart.java:24)
... Removed 31 stack frames]]>
    </failure>
  </testcase> <!-- deleteOneItems -->
</testsuite> <!-- DeletedTest -->
